<?xml version="1.0" encoding="UTF-8"?>
<robot generator="Robot 7.0 (Python 3.12.2 on win32)" generated="2024-03-12T22:01:58.976355" rpa="false" schemaversion="5">
<suite id="s1" name="Youtube" source="C:\Users\betto\PycharmProjects\auto_nubank1\Youtube.robot">
<test id="s1-t1" name="Rodar um video no youtube" line="9">
<kw name="Abrir App">
<kw name="Open Application" owner="AppiumLibrary">
<arg>http://localhost:4723</arg>
<arg>automationName=UiAutomator2</arg>
<arg>platformName=Android</arg>
<arg>deviceName=emulador-5554</arg>
<arg>app=C:\\Users\\betto\\QArentena\\nuclone-appium-robot\\app\\nuclone.apk</arg>
<arg>udid=emulator-5554</arg>
<doc>Opens a new application to given Appium server.
Capabilities of appium server, Android and iOS,
Please check https://github.com/appium/appium/blob/master/docs/en/writing-running-appium/server-args.md
| *Option*            | *Man.* | *Description*     |
| remote_url          | Yes    | Appium server url |
| alias               | no     | alias             |
| strict_ssl          | No     | allows you to send commands to an invalid certificate host like a self-signed one. |</doc>
<status status="PASS" start="2024-03-12T22:01:59.227693" elapsed="6.657370"/>
</kw>
<kw name="Wait Until Element Is Visible" owner="AppiumLibrary">
<arg>accessibility_id=card-hero</arg>
<arg>10</arg>
<doc>Waits until element specified with `locator` is visible.</doc>
<status status="PASS" start="2024-03-12T22:02:05.885063" elapsed="6.518610"/>
</kw>
<kw name="Sleep" owner="BuiltIn">
<msg time="2024-03-12T22:02:14.404472" level="INFO">Slept 2 seconds.</msg>
<arg>2</arg>
<doc>Pauses the test executed for the given time.</doc>
<status status="PASS" start="2024-03-12T22:02:12.403673" elapsed="2.000799"/>
</kw>
<kw name="Press Keycode" owner="AppiumLibrary">
<arg>4</arg>
<doc>Sends a press of keycode to the device.</doc>
<status status="PASS" start="2024-03-12T22:02:14.404472" elapsed="0.024968"/>
</kw>
<kw name="Sleep" owner="BuiltIn">
<msg time="2024-03-12T22:02:17.430315" level="INFO">Slept 3 seconds.</msg>
<arg>3</arg>
<doc>Pauses the test executed for the given time.</doc>
<status status="PASS" start="2024-03-12T22:02:14.429440" elapsed="3.000875"/>
</kw>
<kw name="Click Element" owner="AppiumLibrary">
<msg time="2024-03-12T22:02:17.431331" level="INFO">Clicking element 'accessibility_id=YouTube'.</msg>
<arg>accessibility_id=YouTube</arg>
<doc>Click element identified by `locator`.</doc>
<status status="PASS" start="2024-03-12T22:02:17.430315" elapsed="0.074760"/>
</kw>
<kw name="Sleep" owner="BuiltIn">
<msg time="2024-03-12T22:02:21.505235" level="INFO">Slept 4 seconds.</msg>
<arg>4</arg>
<doc>Pauses the test executed for the given time.</doc>
<status status="PASS" start="2024-03-12T22:02:17.505075" elapsed="4.000160"/>
</kw>
<kw name="Wait Until Element Is Visible" owner="AppiumLibrary">
<arg>accessibility_id=Search</arg>
<arg>10</arg>
<doc>Waits until element specified with `locator` is visible.</doc>
<status status="PASS" start="2024-03-12T22:02:21.505235" elapsed="1.469775"/>
</kw>
<kw name="Click Element" owner="AppiumLibrary">
<msg time="2024-03-12T22:02:22.976043" level="INFO">Clicking element 'accessibility_id=Search'.</msg>
<arg>accessibility_id=Search</arg>
<doc>Click element identified by `locator`.</doc>
<status status="PASS" start="2024-03-12T22:02:22.975010" elapsed="0.082283"/>
</kw>
<kw name="Input Text" owner="AppiumLibrary">
<msg time="2024-03-12T22:02:23.060288" level="INFO">Typing text 'Eminem' into text field 'id=com.google.android.youtube:id/search_edit_text'</msg>
<msg time="2024-03-12T22:02:25.052080" level="INFO">criteria is com.google.android.youtube:id/search_edit_text</msg>
<arg>id=com.google.android.youtube:id/search_edit_text</arg>
<arg>Eminem</arg>
<doc>Types the given `text` into text field identified by `locator`.</doc>
<status status="PASS" start="2024-03-12T22:02:23.057293" elapsed="1.994787"/>
</kw>
<kw name="Click Element" owner="AppiumLibrary">
<msg time="2024-03-12T22:02:25.054028" level="INFO">Clicking element 'xpath=//android.widget.TextView[@resource-id="com.google.android.youtube:id/text" and @text="eminem lose yourself"]'.</msg>
<msg time="2024-03-12T22:02:26.750875" level="INFO">xpath criteria: //android.widget.TextView[@resource-id="com.google.android.youtube:id/text" and @text="eminem lose yourself"]</msg>
<arg>xpath=//android.widget.TextView[@resource-id="com.google.android.youtube:id/text" and @text="eminem lose yourself"]</arg>
<doc>Click element identified by `locator`.</doc>
<status status="PASS" start="2024-03-12T22:02:25.053078" elapsed="1.697797"/>
</kw>
<kw name="Sleep" owner="BuiltIn">
<msg time="2024-03-12T22:02:27.751053" level="INFO">Slept 1 second.</msg>
<arg>1</arg>
<doc>Pauses the test executed for the given time.</doc>
<status status="PASS" start="2024-03-12T22:02:26.750875" elapsed="1.000178"/>
</kw>
<kw name="Swipe Until Element Is Visible">
<msg time="2024-03-12T22:02:27.751994" level="FAIL">No keyword with name 'Swipe Until Element Is Visible' found. Did you mean:
    AppiumLibrary.Wait Until Element Is Visible</msg>
<arg>xpath=//android.view.ViewGroup[@content-desc="Eminem - Lose Yourself • LIVE • The 92nd Academy Awards • Oscars 2020 - 4 minutes, 7 seconds - Go to channel - Просто канал - 22M views - 3 years ago - play video"]/android.view.ViewGroup[2]/android.view.ViewGroup[1]</arg>
<status status="FAIL" start="2024-03-12T22:02:27.751994" elapsed="0.000000">No keyword with name 'Swipe Until Element Is Visible' found. Did you mean:
    AppiumLibrary.Wait Until Element Is Visible</status>
</kw>
<kw name="Sleep" owner="BuiltIn">
<arg>1</arg>
<doc>Pauses the test executed for the given time.</doc>
<status status="NOT RUN" start="2024-03-12T22:02:27.751994" elapsed="0.000000"/>
</kw>
<kw name="Click Element" owner="AppiumLibrary">
<arg>xpath=//android.view.ViewGroup[@content-desc="Eminem - Lose Yourself, Super Bowl Halftime Show 2022, Dr Dre, Snoop Dogg - 3 minutes, 35 seconds - Go to channel - Shady Records - 4.4M views - 2 years ago - play video"]/android.view.ViewGroup[2]/android.view.ViewGroup[1]</arg>
<doc>Click element identified by `locator`.</doc>
<status status="NOT RUN" start="2024-03-12T22:02:27.751994" elapsed="0.000000"/>
</kw>
<kw name="Sleep" owner="BuiltIn">
<arg>10</arg>
<doc>Pauses the test executed for the given time.</doc>
<status status="NOT RUN" start="2024-03-12T22:02:27.751994" elapsed="0.000000"/>
</kw>
<status status="FAIL" start="2024-03-12T22:01:59.227693" elapsed="28.524301">No keyword with name 'Swipe Until Element Is Visible' found. Did you mean:
    AppiumLibrary.Wait Until Element Is Visible</status>
</kw>
<status status="FAIL" start="2024-03-12T22:01:59.226694" elapsed="28.526299">No keyword with name 'Swipe Until Element Is Visible' found. Did you mean:
    AppiumLibrary.Wait Until Element Is Visible</status>
</test>
<status status="FAIL" start="2024-03-12T22:01:58.977321" elapsed="28.775672"/>
</suite>
<statistics>
<total>
<stat pass="0" fail="1" skip="0">All Tests</stat>
</total>
<tag>
</tag>
<suite>
<stat pass="0" fail="1" skip="0" id="s1" name="Youtube">Youtube</stat>
</suite>
</statistics>
<errors>
</errors>
</robot>
